# JRE version: Java(TM) SE Runtime Environment (8.0_74-b02) (build 1.8.0_74-b02)
# Java VM: Java HotSpot(TM) 64-Bit Server VM (25.74-b02 mixed mode bsd-amd64 compressed oops)
Heap:
 PSYoungGen      total 516608K, used 15334K [0x00000007a0000000, 0x00000007c0000000, 0x00000007c0000000)
  eden space 508928K, 3% used [0x00000007a0000000,0x00000007a0ef9b90,0x00000007bf100000)
  from space 7680K, 0% used [0x00000007bf100000,0x00000007bf100000,0x00000007bf880000)
  to   space 7680K, 0% used [0x00000007bf880000,0x00000007bf880000,0x00000007c0000000)
 ParOldGen       total 104960K, used 15743K [0x0000000760000000, 0x0000000766680000, 0x00000007a0000000)
  object space 104960K, 14% used [0x0000000760000000,0x0000000760f5ffe0,0x0000000766680000)
 Metaspace       used 41409K, capacity 59656K, committed 59672K, reserved 1089536K
  class space    used 11951K, capacity 19475K, committed 19480K, reserved 1048576K
GC Heap History (10 events):
Event: 10.466 GC heap before
{Heap before GC invocations=22 (full 2):
 PSYoungGen      total 485888K, used 483776K [0x00000007a0000000, 0x00000007c0000000, 0x00000007c0000000)
  eden space 478208K, 100% used [0x00000007a0000000,0x00000007bd300000,0x00000007bd300000)
  from space 7680K, 72% used [0x00000007bd300000,0x00000007bd870000,0x00000007bda80000)
  to   space 7680K, 0% used [0x00000007bf880000,0x00000007bf880000,0x00000007c0000000)
 ParOldGen       total 78848K, used 10560K [0x0000000760000000, 0x0000000764d00000, 0x00000007a0000000)
  object space 78848K, 13% used [0x0000000760000000,0x0000000760a50368,0x0000000764d00000)
 Metaspace       used 40190K, capacity 57912K, committed 58032K, reserved 1087488K
  class space    used 11634K, capacity 19029K, committed 19120K, reserved 1048576K
Event: 10.473 GC heap after
Heap after GC invocations=22 (full 2):
 PSYoungGen      total 516608K, used 5664K [0x00000007a0000000, 0x00000007c0000000, 0x00000007c0000000)
  eden space 508928K, 0% used [0x00000007a0000000,0x00000007a0000000,0x00000007bf100000)
  from space 7680K, 73% used [0x00000007bf880000,0x00000007bfe08000,0x00000007c0000000)
  to   space 7680K, 0% used [0x00000007bf100000,0x00000007bf100000,0x00000007bf880000)
 ParOldGen       total 78848K, used 10560K [0x0000000760000000, 0x0000000764d00000, 0x00000007a0000000)
  object space 78848K, 13% used [0x0000000760000000,0x0000000760a50368,0x0000000764d00000)
 Metaspace       used 40190K, capacity 57912K, committed 58032K, reserved 1087488K
  class space    used 11634K, capacity 19029K, committed 19120K, reserved 1048576K
}
Event: 10.706 GC heap before
{Heap before GC invocations=23 (full 2):
 PSYoungGen      total 516608K, used 514592K [0x00000007a0000000, 0x00000007c0000000, 0x00000007c0000000)
  eden space 508928K, 100% used [0x00000007a0000000,0x00000007bf100000,0x00000007bf100000)
  from space 7680K, 73% used [0x00000007bf880000,0x00000007bfe08000,0x00000007c0000000)
  to   space 7680K, 0% used [0x00000007bf100000,0x00000007bf100000,0x00000007bf880000)
 ParOldGen       total 78848K, used 10560K [0x0000000760000000, 0x0000000764d00000, 0x00000007a0000000)
  object space 78848K, 13% used [0x0000000760000000,0x0000000760a50368,0x0000000764d00000)
 Metaspace       used 40192K, capacity 57912K, committed 58032K, reserved 1087488K
  class space    used 11634K, capacity 19029K, committed 19120K, reserved 1048576K
Event: 10.712 GC heap after
Heap after GC invocations=23 (full 2):
 PSYoungGen      total 516608K, used 5632K [0x00000007a0000000, 0x00000007c0000000, 0x00000007c0000000)
  eden space 508928K, 0% used [0x00000007a0000000,0x00000007a0000000,0x00000007bf100000)
  from space 7680K, 73% used [0x00000007bf100000,0x00000007bf680000,0x00000007bf880000)
  to   space 7680K, 0% used [0x00000007bf880000,0x00000007bf880000,0x00000007c0000000)
 ParOldGen       total 78848K, used 10568K [0x0000000760000000, 0x0000000764d00000, 0x00000007a0000000)
  object space 78848K, 13% used [0x0000000760000000,0x0000000760a52368,0x0000000764d00000)
 Metaspace       used 40192K, capacity 57912K, committed 58032K, reserved 1087488K
  class space    used 11634K, capacity 19029K, committed 19120K, reserved 1048576K
}
Event: 10.928 GC heap before
{Heap before GC invocations=24 (full 2):
 PSYoungGen      total 516608K, used 514560K [0x00000007a0000000, 0x00000007c0000000, 0x00000007c0000000)
  eden space 508928K, 100% used [0x00000007a0000000,0x00000007bf100000,0x00000007bf100000)
  from space 7680K, 73% used [0x00000007bf100000,0x00000007bf680000,0x00000007bf880000)
  to   space 7680K, 0% used [0x00000007bf880000,0x00000007bf880000,0x00000007c0000000)
 ParOldGen       total 78848K, used 10568K [0x0000000760000000, 0x0000000764d00000, 0x00000007a0000000)
  object space 78848K, 13% used [0x0000000760000000,0x0000000760a52368,0x0000000764d00000)
 Metaspace       used 40192K, capacity 57912K, committed 58032K, reserved 1087488K
  class space    used 11634K, capacity 19029K, committed 19120K, reserved 1048576K
Event: 10.932 GC heap after
Heap after GC invocations=24 (full 2):
 PSYoungGen      total 516608K, used 5664K [0x00000007a0000000, 0x00000007c0000000, 0x00000007c0000000)
  eden space 508928K, 0% used [0x00000007a0000000,0x00000007a0000000,0x00000007bf100000)
  from space 7680K, 73% used [0x00000007bf880000,0x00000007bfe08000,0x00000007c0000000)
  to   space 7680K, 0% used [0x00000007bf100000,0x00000007bf100000,0x00000007bf880000)
 ParOldGen       total 78848K, used 10568K [0x0000000760000000, 0x0000000764d00000, 0x00000007a0000000)
  object space 78848K, 13% used [0x0000000760000000,0x0000000760a52368,0x0000000764d00000)
 Metaspace       used 40192K, capacity 57912K, committed 58032K, reserved 1087488K
  class space    used 11634K, capacity 19029K, committed 19120K, reserved 1048576K
}
Event: 11.219 GC heap before
{Heap before GC invocations=25 (full 2):
 PSYoungGen      total 516608K, used 168566K [0x00000007a0000000, 0x00000007c0000000, 0x00000007c0000000)
  eden space 508928K, 32% used [0x00000007a0000000,0x00000007a9f15a98,0x00000007bf100000)
  from space 7680K, 73% used [0x00000007bf880000,0x00000007bfe08000,0x00000007c0000000)
  to   space 7680K, 0% used [0x00000007bf100000,0x00000007bf100000,0x00000007bf880000)
 ParOldGen       total 78848K, used 10568K [0x0000000760000000, 0x0000000764d00000, 0x00000007a0000000)
  object space 78848K, 13% used [0x0000000760000000,0x0000000760a52368,0x0000000764d00000)
 Metaspace       used 41000K, capacity 59094K, committed 59160K, reserved 1089536K
  class space    used 11923K, capacity 19463K, committed 19480K, reserved 1048576K
Event: 11.224 GC heap after
Heap after GC invocations=25 (full 2):
 PSYoungGen      total 516608K, used 5888K [0x00000007a0000000, 0x00000007c0000000, 0x00000007c0000000)
  eden space 508928K, 0% used [0x00000007a0000000,0x00000007a0000000,0x00000007bf100000)
  from space 7680K, 76% used [0x00000007bf100000,0x00000007bf6c0000,0x00000007bf880000)
  to   space 7680K, 0% used [0x00000007bf880000,0x00000007bf880000,0x00000007c0000000)
 ParOldGen       total 78848K, used 10576K [0x0000000760000000, 0x0000000764d00000, 0x00000007a0000000)
  object space 78848K, 13% used [0x0000000760000000,0x0000000760a54368,0x0000000764d00000)
 Metaspace       used 41000K, capacity 59094K, committed 59160K, reserved 1089536K
  class space    used 11923K, capacity 19463K, committed 19480K, reserved 1048576K
}
Event: 11.224 GC heap before
{Heap before GC invocations=26 (full 3):
 PSYoungGen      total 516608K, used 5888K [0x00000007a0000000, 0x00000007c0000000, 0x00000007c0000000)
  eden space 508928K, 0% used [0x00000007a0000000,0x00000007a0000000,0x00000007bf100000)
  from space 7680K, 76% used [0x00000007bf100000,0x00000007bf6c0000,0x00000007bf880000)
  to   space 7680K, 0% used [0x00000007bf880000,0x00000007bf880000,0x00000007c0000000)
 ParOldGen       total 78848K, used 10576K [0x0000000760000000, 0x0000000764d00000, 0x00000007a0000000)
  object space 78848K, 13% used [0x0000000760000000,0x0000000760a54368,0x0000000764d00000)
 Metaspace       used 41000K, capacity 59094K, committed 59160K, reserved 1089536K
  class space    used 11923K, capacity 19463K, committed 19480K, reserved 1048576K
Event: 11.414 GC heap after
Heap after GC invocations=26 (full 3):
 PSYoungGen      total 516608K, used 0K [0x00000007a0000000, 0x00000007c0000000, 0x00000007c0000000)
  eden space 508928K, 0% used [0x00000007a0000000,0x00000007a0000000,0x00000007bf100000)
  from space 7680K, 0% used [0x00000007bf100000,0x00000007bf100000,0x00000007bf880000)
  to   space 7680K, 0% used [0x00000007bf880000,0x00000007bf880000,0x00000007c0000000)
 ParOldGen       total 104960K, used 15743K [0x0000000760000000, 0x0000000766680000, 0x00000007a0000000)
  object space 104960K, 14% used [0x0000000760000000,0x0000000760f5ffe0,0x0000000766680000)
 Metaspace       used 41000K, capacity 59094K, committed 59160K, reserved 1089536K
  class space    used 11923K, capacity 19463K, committed 19480K, reserved 1048576K
}

